[2016-04-16 23:37:13] table chousechar check pass.....[OK]<br>
[2016-04-16 23:37:13] table ctypearea check pass.....[OK]<br>
[2016-04-16 23:37:13] table ctypedisch check pass.....[OK]<br>
[2016-04-16 23:37:13] table hhc_diag_map check pass.....[OK]<br>
[2016-04-16 23:37:13] table hhc_guideline_list check pass.....[OK]<br>
[2016-04-16 23:37:13] table hhc_guideline_list_subtype check pass.....[OK]<br>
[2016-04-16 23:37:13] table hhc_guideline_type check pass.....[OK]<br>
[2016-04-16 23:37:13] table hhc_oxford_knee_score_screen check pass.....[OK]<br>
[2016-04-16 23:37:13] table hhc_person_adl_screen check pass.....[OK]<br>
[2016-04-16 11:37:13] table village_history empty กำลังนำเข้าตาราง....Import Table village_history Complete.....[OK]<br> 
  [2016-04-16 23:37:19] table chousechar check pass.....[OK]<br>
[2016-04-16 23:37:19] table ctypearea check pass.....[OK]<br>
[2016-04-16 23:37:19] table ctypedisch check pass.....[OK]<br>
[2016-04-16 23:37:19] table hhc_diag_map check pass.....[OK]<br>
[2016-04-16 23:37:19] table hhc_guideline_list check pass.....[OK]<br>
[2016-04-16 23:37:19] table hhc_guideline_list_subtype check pass.....[OK]<br>
[2016-04-16 23:37:19] table hhc_guideline_type check pass.....[OK]<br>
[2016-04-16 23:37:19] table hhc_oxford_knee_score_screen check pass.....[OK]<br>
[2016-04-16 23:37:19] table hhc_person_adl_screen check pass.....[OK]<br>
[2016-04-16 23:37:19] table village_history check pass.....[OK]<br>
